{"C:\\Users\\hosny\\Downloads\\M1\\Electives\\React\\les4saisons\\src\\Modal.js": {"path":"C:\\Users\\hosny\\Downloads\\M1\\Electives\\React\\les4saisons\\src\\Modal.js","statementMap":{"0":{"start":{"line":7,"column":26},"end":{"line":7,"column":41}},"1":{"start":{"line":8,"column":17},"end":{"line":8,"column":37}},"2":{"start":{"line":8,"column":23},"end":{"line":8,"column":37}},"3":{"start":{"line":9,"column":2},"end":{"line":14,"column":6}},"4":{"start":{"line":10,"column":4},"end":{"line":14,"column":6}},"5":{"start":{"line":15,"column":2},"end":{"line":24,"column":4}}},"fnMap":{"0":{"name":"Modal","decl":{"start":{"line":6,"column":9},"end":{"line":6,"column":14}},"loc":{"start":{"line":6,"column":36},"end":{"line":25,"column":1}},"line":6},"1":{"name":"(anonymous_1)","decl":{"start":{"line":8,"column":17},"end":{"line":8,"column":18}},"loc":{"start":{"line":8,"column":23},"end":{"line":8,"column":37}},"line":8}},"branchMap":{"0":{"loc":{"start":{"line":9,"column":2},"end":{"line":14,"column":6}},"type":"if","locations":[{"start":{"line":9,"column":2},"end":{"line":14,"column":6}},{"start":{},"end":{}}],"line":9}},"s":{"0":13,"1":13,"2":7,"3":13,"4":8,"5":5},"f":{"0":13,"1":7},"b":{"0":[8,5]},"_coverageSchema":"1a1c01bbd47fc00a2c39e90264f33305004495a9","hash":"2de014b7c900f8c5a91bcde291490da5d2107c34"}
,"C:\\Users\\hosny\\Downloads\\M1\\Electives\\React\\les4saisons\\src\\Season.js": {"path":"C:\\Users\\hosny\\Downloads\\M1\\Electives\\React\\les4saisons\\src\\Season.js","statementMap":{"0":{"start":{"line":8,"column":17},"end":{"line":8,"column":35}},"1":{"start":{"line":9,"column":22},"end":{"line":9,"column":46}},"2":{"start":{"line":10,"column":19},"end":{"line":17,"column":3}},"3":{"start":{"line":18,"column":2},"end":{"line":24,"column":4}}},"fnMap":{"0":{"name":"Season","decl":{"start":{"line":7,"column":9},"end":{"line":7,"column":15}},"loc":{"start":{"line":7,"column":26},"end":{"line":25,"column":1}},"line":7}},"branchMap":{"0":{"loc":{"start":{"line":12,"column":21},"end":{"line":12,"column":47}},"type":"cond-expr","locations":[{"start":{"line":12,"column":41},"end":{"line":12,"column":43}},{"start":{"line":12,"column":46},"end":{"line":12,"column":47}}],"line":12}},"s":{"0":3,"1":3,"2":3,"3":3},"f":{"0":3},"b":{"0":[3,0]},"_coverageSchema":"1a1c01bbd47fc00a2c39e90264f33305004495a9","hash":"55303bc9e20200a8b18eb19852838bad44528931"}
}
